<?xml version="1.0" encoding="UTF-8"?>
<!-- Generated by org.testng.reporters.JUnitXMLReporter -->
<testsuite hostname="Raj" name="Default test" tests="3" failures="0" timestamp="16 Oct 2018 09:16:26 GMT" time="17.969" errors="0">
  <testcase name="googleLogoTest" time="0.091" classname="TestNGConceptsNaveen.GoogleTest"/>
  <testcase name="googleTitleTest" time="0.015" classname="TestNGConceptsNaveen.GoogleTest"/>
  <testcase name="mailLinkTest" time="0.041" classname="TestNGConceptsNaveen.GoogleTest"/>
</testsuite> <!-- Default test -->
