<?xml version="1.0" encoding="UTF-8"?>
<testng-results skipped="0" failed="0" total="2" passed="2">
  <reporter-output>
  </reporter-output>
  <suite name="Default suite" duration-ms="32947" started-at="2018-10-02T11:42:47Z" finished-at="2018-10-02T11:43:20Z">
    <groups>
    </groups>
    <test name="Default test" duration-ms="32947" started-at="2018-10-02T11:42:47Z" finished-at="2018-10-02T11:43:20Z">
      <class name="com.masteringselenium.demo.NewTest">
        <test-method status="PASS" signature="openBrowsers()[pri:0, instance:com.masteringselenium.demo.NewTest@45e1aa48]" name="openBrowsers" is-config="true" duration-ms="25568" started-at="2018-10-02T17:12:47Z" finished-at="2018-10-02T17:13:12Z">
          <reporter-output>
          </reporter-output>
        </test-method> <!-- openBrowsers -->
        <test-method status="PASS" signature="test()[pri:0, instance:com.masteringselenium.demo.NewTest@45e1aa48]" name="test" duration-ms="5125" started-at="2018-10-02T17:13:12Z" finished-at="2018-10-02T17:13:18Z">
          <reporter-output>
          </reporter-output>
        </test-method> <!-- test -->
        <test-method status="PASS" signature="closeBrowser()[pri:0, instance:com.masteringselenium.demo.NewTest@45e1aa48]" name="closeBrowser" is-config="true" duration-ms="1949" started-at="2018-10-02T17:13:18Z" finished-at="2018-10-02T17:13:20Z">
          <reporter-output>
          </reporter-output>
        </test-method> <!-- closeBrowser -->
        <test-method status="PASS" signature="test1()[pri:0, instance:com.masteringselenium.demo.NewTest@45e1aa48]" name="test1" duration-ms="2" started-at="2018-10-02T17:13:20Z" finished-at="2018-10-02T17:13:20Z">
          <reporter-output>
          </reporter-output>
        </test-method> <!-- test1 -->
        <test-method status="PASS" signature="closeBrowser()[pri:0, instance:com.masteringselenium.demo.NewTest@45e1aa48]" name="closeBrowser" is-config="true" duration-ms="2" started-at="2018-10-02T17:13:20Z" finished-at="2018-10-02T17:13:20Z">
          <reporter-output>
          </reporter-output>
        </test-method> <!-- closeBrowser -->
      </class> <!-- com.masteringselenium.demo.NewTest -->
    </test> <!-- Default test -->
  </suite> <!-- Default suite -->
</testng-results>
