<?xml version="1.0" encoding="UTF-8"?>
<testng-results skipped="0" failed="0" ignored="0" total="3" passed="3">
  <reporter-output>
  </reporter-output>
  <suite name="Suite" duration-ms="153" started-at="2018-10-22T15:07:59Z" finished-at="2018-10-22T15:07:59Z">
    <groups>
    </groups>
    <test name="Test" duration-ms="55" started-at="2018-10-22T15:07:59Z" finished-at="2018-10-22T15:07:59Z">
      <class name="TestingBeforeTest.TestClass2">
        <test-method status="PASS" signature="beforetest()[pri:0, instance:TestingBeforeTest.TestClass2@64cd705f]" name="beforetest" is-config="true" duration-ms="18" started-at="2018-10-22T15:07:59Z" finished-at="2018-10-22T15:07:59Z">
          <reporter-output>
          </reporter-output>
        </test-method> <!-- beforetest -->
        <test-method status="PASS" signature="beforetest2()[pri:0, instance:TestingBeforeTest.TestClass2@64cd705f]" name="beforetest2" is-config="true" duration-ms="1" started-at="2018-10-22T15:07:59Z" finished-at="2018-10-22T15:07:59Z">
          <reporter-output>
          </reporter-output>
        </test-method> <!-- beforetest2 -->
        <test-method status="PASS" signature="test()[pri:0, instance:TestingBeforeTest.TestClass2@64cd705f]" name="test" duration-ms="6" started-at="2018-10-22T15:07:59Z" finished-at="2018-10-22T15:07:59Z">
          <reporter-output>
          </reporter-output>
        </test-method> <!-- test -->
      </class> <!-- TestingBeforeTest.TestClass2 -->
    </test> <!-- Test -->
    <test name="Test2" duration-ms="55" started-at="2018-10-22T15:07:59Z" finished-at="2018-10-22T15:07:59Z">
      <class name="TestingBeforeTest.TestClass3">
        <test-method status="PASS" signature="test()[pri:0, instance:TestingBeforeTest.TestClass3@35ef1869]" name="test" duration-ms="2" started-at="2018-10-22T15:07:59Z" finished-at="2018-10-22T15:07:59Z">
          <reporter-output>
          </reporter-output>
        </test-method> <!-- test -->
      </class> <!-- TestingBeforeTest.TestClass3 -->
      <class name="TestingBeforeTest.TestClass1">
        <test-method status="PASS" signature="beforeTest2class1()[pri:0, instance:TestingBeforeTest.TestClass1@3c407114]" name="beforeTest2class1" is-config="true" duration-ms="1" started-at="2018-10-22T15:07:59Z" finished-at="2018-10-22T15:07:59Z">
          <reporter-output>
          </reporter-output>
        </test-method> <!-- beforeTest2class1 -->
        <test-method status="PASS" signature="beforeTestClass1()[pri:0, instance:TestingBeforeTest.TestClass1@3c407114]" name="beforeTestClass1" is-config="true" duration-ms="6" started-at="2018-10-22T15:07:59Z" finished-at="2018-10-22T15:07:59Z">
          <reporter-output>
          </reporter-output>
        </test-method> <!-- beforeTestClass1 -->
        <test-method status="PASS" signature="beforeTest1()[pri:0, instance:TestingBeforeTest.TestClass3@35ef1869]" name="beforeTest1" is-config="true" duration-ms="10" started-at="2018-10-22T15:07:59Z" finished-at="2018-10-22T15:07:59Z">
          <reporter-output>
          </reporter-output>
        </test-method> <!-- beforeTest1 -->
        <test-method status="PASS" signature="test1()[pri:0, instance:TestingBeforeTest.TestClass1@3c407114]" name="test1" duration-ms="4" started-at="2018-10-22T15:07:59Z" finished-at="2018-10-22T15:07:59Z">
          <reporter-output>
          </reporter-output>
        </test-method> <!-- test1 -->
      </class> <!-- TestingBeforeTest.TestClass1 -->
    </test> <!-- Test2 -->
  </suite> <!-- Suite -->
</testng-results>
