<?xml version="1.0" encoding="UTF-8"?>
<testng-results skipped="0" failed="0" total="3" passed="3">
  <reporter-output>
  </reporter-output>
  <suite name="Default suite" duration-ms="17969" started-at="2018-10-16T09:16:08Z" finished-at="2018-10-16T09:16:26Z">
    <groups>
    </groups>
    <test name="Default test" duration-ms="17969" started-at="2018-10-16T09:16:08Z" finished-at="2018-10-16T09:16:26Z">
      <class name="TestNGConceptsNaveen.GoogleTest">
        <test-method status="PASS" signature="setUp()[pri:0, instance:TestNGConceptsNaveen.GoogleTest@4b9e13df]" name="setUp" is-config="true" duration-ms="5786" started-at="2018-10-16T14:46:08Z" finished-at="2018-10-16T14:46:14Z">
          <reporter-output>
          </reporter-output>
        </test-method> <!-- setUp -->
        <test-method status="PASS" signature="googleLogoTest()[pri:0, instance:TestNGConceptsNaveen.GoogleTest@4b9e13df]" name="googleLogoTest" duration-ms="91" started-at="2018-10-16T14:46:14Z" finished-at="2018-10-16T14:46:14Z">
          <reporter-output>
          </reporter-output>
        </test-method> <!-- googleLogoTest -->
        <test-method status="PASS" signature="tearDown()[pri:0, instance:TestNGConceptsNaveen.GoogleTest@4b9e13df]" name="tearDown" is-config="true" duration-ms="1290" started-at="2018-10-16T14:46:14Z" finished-at="2018-10-16T14:46:15Z">
          <reporter-output>
          </reporter-output>
        </test-method> <!-- tearDown -->
        <test-method status="PASS" signature="setUp()[pri:0, instance:TestNGConceptsNaveen.GoogleTest@4b9e13df]" name="setUp" is-config="true" duration-ms="4095" started-at="2018-10-16T14:46:15Z" finished-at="2018-10-16T14:46:19Z">
          <reporter-output>
          </reporter-output>
        </test-method> <!-- setUp -->
        <test-method status="PASS" signature="googleTitleTest()[pri:0, instance:TestNGConceptsNaveen.GoogleTest@4b9e13df]" name="googleTitleTest" duration-ms="15" started-at="2018-10-16T14:46:19Z" finished-at="2018-10-16T14:46:19Z">
          <reporter-output>
          </reporter-output>
        </test-method> <!-- googleTitleTest -->
        <test-method status="PASS" signature="tearDown()[pri:0, instance:TestNGConceptsNaveen.GoogleTest@4b9e13df]" name="tearDown" is-config="true" duration-ms="1030" started-at="2018-10-16T14:46:19Z" finished-at="2018-10-16T14:46:20Z">
          <reporter-output>
          </reporter-output>
        </test-method> <!-- tearDown -->
        <test-method status="PASS" signature="setUp()[pri:0, instance:TestNGConceptsNaveen.GoogleTest@4b9e13df]" name="setUp" is-config="true" duration-ms="4699" started-at="2018-10-16T14:46:20Z" finished-at="2018-10-16T14:46:25Z">
          <reporter-output>
          </reporter-output>
        </test-method> <!-- setUp -->
        <test-method status="PASS" signature="mailLinkTest()[pri:0, instance:TestNGConceptsNaveen.GoogleTest@4b9e13df]" name="mailLinkTest" duration-ms="41" started-at="2018-10-16T14:46:25Z" finished-at="2018-10-16T14:46:25Z">
          <reporter-output>
          </reporter-output>
        </test-method> <!-- mailLinkTest -->
        <test-method status="PASS" signature="tearDown()[pri:0, instance:TestNGConceptsNaveen.GoogleTest@4b9e13df]" name="tearDown" is-config="true" duration-ms="903" started-at="2018-10-16T14:46:25Z" finished-at="2018-10-16T14:46:26Z">
          <reporter-output>
          </reporter-output>
        </test-method> <!-- tearDown -->
      </class> <!-- TestNGConceptsNaveen.GoogleTest -->
    </test> <!-- Default test -->
  </suite> <!-- Default suite -->
</testng-results>
