<?xml version="1.0" encoding="UTF-8"?>
<!-- Generated by org.testng.reporters.JUnitXMLReporter -->
<testsuite hostname="Raj" name="Default test" tests="3" failures="0" timestamp="29 Oct 2018 13:15:09 GMT" time="63.318" errors="0">
  <testcase name="BrowserOpenFacebook" time="16.77" classname="TestingConcepts.NavigateOptions"/>
  <testcase name="BrowserOpenQuora" time="16.001" classname="TestingConcepts.NavigateOptions"/>
  <testcase name="BrowserBack" time="13.915" classname="TestingConcepts.NavigateOptions"/>
</testsuite> <!-- Default test -->
